   1 0000               # File:		$Id$
   2 0000               # Author:	J. Heliotis, (author's version 1.3)
   3 0000               # Contributors:	K. Reek, 
   4 0000               # 		P. White, 
   5 0000               #		Connor Egbert
   6 0000               # Description:	This program reads a description of a geometric
   7 0000               #		figure from standard input and displays some
   8 0000               #		further information about it. Currently, the
   9 0000               #		program handles two types of figures: blocks
  10 0000               #		(rectangles) and circles.
  11 0000               #
  12 0000               # Purpose:	To demonstrate the implementation of polymorphic
  13 0000               #		subroutine calls
  14 0000               #
  15 0000               # Revisions:	$Log$
  16 0000               #		4/1/04	M. Reek changed to use MIPS linkage conventions
  17 0000               #
  18 0000               # CONSTANTS
  19 0000               #
  20 0000               # syscall codes
  21 0000               PRINT_INT =	1
  22 0000               PRINT_STRING = 	4
  23 0000               READ_INT = 	5
  24 0000               READ_STRING =	8
  25 0000               
  26 0000               # various frame sizes used by different routines
  27 0000               
  28 0000               FRAMESIZE_8 = 	8
  29 0000               FRAMESIZE_24 =	24
  30 0000               FRAMESIZE_40 =	40
  31 0000               FRAMESIZE_48 =	48
  32 0000               
  33 0000               	.data
  34 0000               	.align 2
  35 0000               
  36 0000               	#
  37 0000               	# Memory for allocating up to 100 figures.
  38 0000               	#
  39 0000               next:	
  40 0000 00000004		.word	pool		# ptr into the pool where next free
  41 0004               				# space is located
  42 0004               pool:	
  43 0004 00000000		.space	1200		# room for 100 figures
          00000000
          00000000
          00000000
          00000000
          00000000
  44 04b4               pool_end:			# a marker for the end of the free space
  45 04b4 00000000		.word	0		# used to tell us if we are out of mem
  46 04b8               
  47 04b8               fig_width:
  48 04b8 00000000		.word	0
  49 04bc               fig_height:
  50 04bc 00000000		.word	0
  51 04c0               
  52 04c0               	.align 0
  53 04c0               fig_char:
  54 04c0 30313233		.asciiz	"0123456789"	# I know this isn't a character, but
          34353637
          383900  
  55 04cb               				# SPIMs only has read_string, which 
  56 04cb               				# reads to eol and then null
  57 04cb               				# terminates the string it read in
  58 04cb               
  59 04cb               	#
  60 04cb               	# some constants for the code
  61 04cb               	#
  62 04cb               PI	= 3			# an bad integer approx. to pi, 3.14159...
  63 04cb               
  64 04cb               char_c:	
  65 04cb 43      		.ascii	"C"
  66 04cc               char_b:	
  67 04cc 42      		.ascii	"B"
  68 04cd               
  69 04cd               new_error:
  70 04cd 4F757420		.asciiz	"Out of memory for allocating figures.\n"
          6F66206D
          656D6F72
          7920666F
          7220616C
          6C6F6361
  71 04f4               
  72 04f4               figure_type_error_string:
  73 04f4 496C6C65		.asciiz	"Illegal figure type\n"
          67616C20
          66696775
          72652074
          7970650A
          00      
  74 0509               
  75 0509               circle_string:
  76 0509 43697263		.asciiz	"Circle ("
          6C652028
          00      
  77 0512               
  78 0512               block_string:
  79 0512 426C6F63		.asciiz	"Block ("
          6B202800
  80 051a               
  81 051a               comma_string:
  82 051a 2C00    		.asciiz	","
  83 051c               
  84 051c               area_string:
  85 051c 29202D20		.asciiz	") - area = "
          61726561
          203D2000
  86 0528               
  87 0528               perimeter_string:
  88 0528 3B207065		.asciiz	"; perimeter = "
          72696D65
          74657220
          3D2000  
  89 0537               
  90 0537               new_line:
  91 0537 0A00    		.asciiz	"\n"
  92 0539               
  93 0539               #
  94 0539               # Name:		MAIN PROGRAM
  95 0539               #
  96 0539               # Description:	Main logic for the program.
  97 0539               #
  98 0539               #		The program reads three values from standard input:
  99 0539               #		1) a character representing the type of figure to create
 100 0539               #		2) an integer representing the width of the bounding box
 101 0539               #			of the figure
 102 0539               #		3) an integer representing the height of the bounding box
 103 0539               #			of the figure
 104 0539               #
 105 0539               #		After creating the specified figure object, the program then
 106 0539               #		displays all available information on the object created.
 107 0539               #
 108 0539               
 109 0000               	.text			# this is program code
 110 0000               	.align 2		# instructions must be on word boundaries
 111 0000               	.globl main		# main is a global label
 112 0000               
 113 0000               main:
 114 0000               	# allocate stack frame according to formula & save state
 115 0000               
 116 0000 23BDFFE8		addi 	$sp, $sp,-FRAMESIZE_24   	
 117 0004 AFBF0014		sw 	$ra, -4+FRAMESIZE_24($sp)	
 118 0008 AFB10010		sw 	$s1, -8+FRAMESIZE_24($sp)
 119 000c AFB0000C		sw 	$s0, -12+FRAMESIZE_24($sp)
 120 0010               
 121 0010               	#
 122 0010               	# Read the character representing the figure type
 123 0010               	#
 124 0010               
 125 0010 34020008		li 	$v0, READ_STRING	# read a string	
 126 0014 3C040000		la 	$a0, fig_char	# place to store the char read in
     0018 34840000
 127 001c 20050009		addi	$a1, $zero, 9	# the number of characters to read
 128 0020 0000000C		syscall
 129 0024               
 130 0024               	#
 131 0024               	# Read the width into r1
 132 0024               	#
 133 0024 34020005		li	$v0, READ_INT
 134 0028 0000000C		syscall
 135 002c 00408021		move	$s0, $v0
 136 0030               
 137 0030               	#
 138 0030               	# Read the height into r2
 139 0030               	#
 140 0030 34020005		li	$v0, READ_INT
 141 0034 0000000C		syscall
 142 0038 00408821		move	$s1, $v0
 143 003c               
 144 003c               	#
 145 003c               	# Do the output
 146 003c               	#
 147 003c 02002021		move	$a0, $s0
 148 0040 02202821		move	$a1, $s1
 149 0044 0C000072		jal	output_figures
 150 0048               
 151 0048               #
 152 0048               # All done -- exit the program!
 153 0048               #
 154 0048 8FBF0014		lw 	$ra, -4+FRAMESIZE_24($sp)	
 155 004c 8FB10010		lw 	$s1, -8+FRAMESIZE_24($sp)
 156 0050 8FB0000C		lw 	$s0, -12+FRAMESIZE_24($sp)
 157 0054               
 158 0054 23BD0018		addi 	$sp, $sp, FRAMESIZE_24   	
 159 0058 03E00008		jr 	$ra		# return from main and exit spim
 160 005c               	
 161 005c               
 162 005c               # ***********************************************************************
 163 005c               # *                                                                     *
 164 005c               # * THIS IS THE START OF EXPERIMENT-SPECIFIC CODE                       *
 165 005c               # *                                                                     *
 166 005c               # ***********************************************************************
 167 005c               
 168 005c               # Name:		Constants to keep in mind while working with figures
 169 005c               #
 170 005c               
 171 005c               # A Figure contains three words 
 172 005c               #		address of virtual function table at offset 0 in fig object
 173 005c               #		figure width 	at offset 4 in fig object
 174 005c               #		figure height 	at offset 8 in fig object
 175 005c               # Making the figures size as 12 bytes
 176 005c               
 177 005c               # A Figure virtual function table contains two function addresses (words):
 178 005c               #		addr area function 	at offset 0 in vtable
 179 005c               #		addr perimeter function	at offset 4 in vtable
 180 005c               #
 181 005c               
 182 005c               #
 183 005c               # Name:		new_figure
 184 005c               #
 185 005c               # Description:	Allocate space for a new figure from the pool of
 186 005c               #		available space. Luckily, both subclasses of FIGURE
 187 005c               #		take up the same amount of space.
 188 005c               #
 189 005c               # Arguments:	None.
 190 005c               # Returns:	v0: the address of the newly allocated figure.
 191 005c               #
 192 005c               
 193 005c               new_figure:
 194 005c               	#
 195 005c               	# See if there is any space left in the pool.
 196 005c               	#
 197 005c               
 198 005c 3C010000		lw	$t0, next
     0060 8C280000
 199 0064 3C090000		la	$t1, pool_end
     0068 35290000
 200 006c               
 201 006c 0109502A		slt	$t2, $t0, $t1	# Compare next addr to end of pool
 202 0070 15400006		bne	$t2, $zero, new_figure_ok	#  if less, still have space
 203 0074               
 204 0074               	#
 205 0074               	# No space left; write error message and exit.
 206 0074               	#
 207 0074               
 208 0074 34020004		li 	$v0, PRINT_STRING	# print error message
 209 0078 3C040000		la 	$a0, new_error
     007c 34840000
 210 0080 0000000C		syscall	
 211 0084               
 212 0084 3402000A		li 	$v0, 10		# terminate program
 213 0088 0000000C		syscall	
 214 008c               
 215 008c               new_figure_ok:
 216 008c               	#
 217 008c               	# There is space available.  Allocate the next figure, and
 218 008c               	# initialize all of its fields.
 219 008c               	#
 220 008c               
 221 008c 01001021		move	$v0, $t0	# set up to return spot for new figure
 222 0090 2108000C		addi	$t0, $t0, 12	# Adjust pointer to next figure
 223 0094 3C010000		sw	$t0, next
     0098 AC280000
 224 009c               
 225 009c               	#
 226 009c               	# Clear all fields.
 227 009c               	#
 228 009c               
 229 009c AC400000		sw	$zero, 0($v0)
 230 00a0 AC400004		sw	$zero, 4($v0)
 231 00a4 AC400008		sw	$zero, 8($v0)
 232 00a8               
 233 00a8 03E00008		jr	$ra
 234 00ac               
 235 00ac               
 236 00ac               #
 237 00ac               # Name:		figure_make
 238 00ac               #
 239 00ac               # Description:	Initialize the components of the figure object.
 240 00ac               #		Since FIGURE is an abstract class, it is expected that
 241 00ac               #		the creation subroutines for child classes will call this
 242 00ac               #		subroutine.
 243 00ac               #
 244 00ac               # Arguments:	a0 contains the height of the figure's bounding box
 245 00ac               #		a1 contains the width of the figure's bounding box
 246 00ac               #		a2 contains the address of the figure object
 247 00ac               #
 248 00ac               figure_make:
 249 00ac               
 250 00ac ACC50004		sw 	$a1, 4($a2)	# store the width in the fig object
 251 00b0 ACC40008		sw 	$a0, 8($a2)	# store the height in the fig object
 252 00b4               
 253 00b4 03E00008		jr	$ra
 254 00b8               
 255 00b8               # CODE FOR FIGURE SUBCLASS BLOCK
 256 00b8               
 257 00b8               #***** BEGIN STUDENT CODE BLOCK 1 ********************************
 258 00b8               #
 259 00b8               # Using the circle code below as your guide, write everything
 260 00b8               # necessary to implement the FIGURE child class called BLOCK.
 261 00b8               # This involves defining BLOCK's virtual function table, its
 262 00b8               # creation routine, block_make, and its two virtual (polymorphic)
 263 00b8               # functions, block_area and block_perimeter.
 264 00b8               
 265 0539               	.data
 266 0539 000000  		.align	2
 267 053c               
 268 053c               block_vtbl:
 269 053c 00000000		.word	block_area
 270 0540 00000000		.word	block_perimeter
 271 0544               
 272 00b8               	.text
 273 00b8               
 274 00b8               block_make:
 275 00b8 23BDFFF8		addi 	$sp, $sp,-FRAMESIZE_8
 276 00bc AFBF0004		sw 	$ra, -4+FRAMESIZE_8($sp)
 277 00c0               
 278 00c0 3C090000		la	$t1, block_vtbl	# get block's vtable pointer
     00c4 35290000
 279 00c8 ACC90000		sw	$t1, 0($a2)	# put block's vtable pointer into this fig
 280 00cc               				# object
 281 00cc 0C00002B		jal	figure_make
 282 00d0               
 283 00d0 8FBF0004		lw 	$ra, -4+FRAMESIZE_8($sp)  # get ra off stack, and restore
 284 00d4 23BD0008		addi 	$sp, $sp, FRAMESIZE_8
 285 00d8 03E00008		jr	$ra
 286 00dc               
 287 00dc               #
 288 00dc               # Name:		block_area
 289 00dc               #
 290 00dc               # Description:	Compute the area of the block figure
 291 00dc               #
 292 00dc               # Arguments:	a0 contains the address of the figure object
 293 00dc               #
 294 00dc               # Returns:	v0 contains the area
 295 00dc               #
 296 00dc               block_area:
 297 00dc 23BDFFF8		addi 	$sp, $sp,-FRAMESIZE_8
 298 00e0 AFBF0004		sw 	$ra, -4+FRAMESIZE_8($sp)
 299 00e4               
 300 00e4 8C880004		lw	$t0, 4($a0)	# Load information from figure
 301 00e8 8C890008		lw	$t1, 8($a0)
 302 00ec               
 303 00ec 01090018		mul	$v0, $t0, $t1	# v0 = length * width
     00f0 00001012
 304 00f4               
 305 00f4 8FBF0004		lw 	$ra, -4+FRAMESIZE_8($sp)	# restore ra from stack
 306 00f8 23BD0008		addi 	$sp, $sp, FRAMESIZE_8
 307 00fc 03E00008		jr	$ra
 308 0100               
 309 0100               #
 310 0100               # Name:		block_perimeter
 311 0100               #
 312 0100               # Description:	Compute the perimeter of the block figure
 313 0100               #
 314 0100               # Arguments:	a0 contains the address of the figure object
 315 0100               #
 316 0100               # Returns:	v0 contains the perimeter
 317 0100               #
 318 0100               block_perimeter:
 319 0100 23BDFFF8		addi 	$sp, $sp,-FRAMESIZE_8
 320 0104 AFBF0004		sw 	$ra, -4+FRAMESIZE_8($sp)
 321 0108               
 322 0108 8C880004		lw	$t0, 4($a0)	# Load information from figure
 323 010c 8C890008		lw	$t1, 8($a0)
 324 0110               
 325 0110 01081020		add	$v0, $t0, $t0	# perimeter = 2l + 2w
 326 0114 00491020		add	$v0, $v0, $t1
 327 0118 00491020		add	$v0, $v0, $t1
 328 011c               
 329 011c 8FBF0004		lw 	$ra, -4+FRAMESIZE_8($sp)	# restore ra from stack
 330 0120 23BD0008		addi 	$sp, $sp, FRAMESIZE_8
 331 0124 03E00008		jr	$ra
 332 0128               
 333 0128               
 334 0128               #***** END STUDENT CODE BLOCK 1 **********************************
 335 0128               
 336 0128               # CODE FOR FIGURE SUBCLASS CIRCLE
 337 0128               
 338 0128               #************************************
 339 0544               	.data
 340 0544               	.align	2
 341 0544               
 342 0544               circle_vtbl:
 343 0544 00000000		.word	circle_area
 344 0548 00000000		.word	circle_perimeter
 345 054c               
 346 0128               	.text
 347 0128               #************************************
 348 0128               #
 349 0128               # Name:		circle_make
 350 0128               #
 351 0128               # Description:	Initialize the components of the circle object
 352 0128               #		All this subroutine does is set the virtual function
 353 0128               #		table, then call figure_make.
 354 0128               #
 355 0128               # Arguments:	a0 contains the height of the figure's bounding box
 356 0128               #		a1 contains the width of the figure's bounding box
 357 0128               #		a2 contains the address of the figure object
 358 0128               #
 359 0128               
 360 0128               circle_make:
 361 0128 23BDFFF8		addi 	$sp, $sp,-FRAMESIZE_8
 362 012c AFBF0004		sw 	$ra, -4+FRAMESIZE_8($sp)
 363 0130               
 364 0130 3C090000		la	$t1, circle_vtbl	# get circle's vtable pointer
     0134 35290000
 365 0138 ACC90000		sw	$t1, 0($a2)	# put circle's vtable pointer into this fig
 366 013c               				# object
 367 013c 0C00002B		jal	figure_make
 368 0140               
 369 0140 8FBF0004		lw 	$ra, -4+FRAMESIZE_8($sp)  # get ra off stack, and restore
 370 0144 23BD0008		addi 	$sp, $sp, FRAMESIZE_8
 371 0148 03E00008		jr	$ra
 372 014c               
 373 014c               #
 374 014c               # Name:		circle_area
 375 014c               #
 376 014c               # Description:	Compute the area of the circle figure
 377 014c               #
 378 014c               # Arguments:	a0 contains the address of the figure object
 379 014c               #
 380 014c               # Returns:	v0 contains the area
 381 014c               #
 382 014c               circle_area:
 383 014c 23BDFFF8		addi 	$sp, $sp,-FRAMESIZE_8
 384 0150 AFBF0004		sw 	$ra, -4+FRAMESIZE_8($sp)
 385 0154               
 386 0154 34190003		li	$t9, PI		# get our int approx. for PI = 3
 387 0158               
 388 0158 0C00006A		jal	circle_diameter	# get my diameter in v0
 389 015c               	
 390 015c 34010002		div	$t0, $v0, 2	# t0 = radius
     0160 0041001A
     0164 00004012
 391 0168 01080018		mul	$t1, $t0, $t0	# t1 = radius squared
     016c 00004812
 392 0170 01390018		mul	$v0, $t1, $t9	# v0 = PI * radius squared
     0174 00001012
 393 0178               
 394 0178 8FBF0004		lw 	$ra, -4+FRAMESIZE_8($sp)	# restore ra from stack
 395 017c 23BD0008		addi 	$sp, $sp, FRAMESIZE_8
 396 0180 03E00008		jr	$ra
 397 0184               
 398 0184               #
 399 0184               # Name:		circle_perimeter
 400 0184               #
 401 0184               # Description:	Compute the perimeter of the circle figure
 402 0184               #
 403 0184               # Arguments:	a0 contains the address of the figure object
 404 0184               #
 405 0184               # Returns:	v0 contains the perimeter
 406 0184               #
 407 0184               circle_perimeter:
 408 0184 23BDFFF8		addi 	$sp, $sp,-FRAMESIZE_8
 409 0188 AFBF0004		sw 	$ra, -4+FRAMESIZE_8($sp)
 410 018c               
 411 018c 34190003		li	$t9, PI		# get our int approx. for PI = 3
 412 0190               
 413 0190 0C00006A		jal	circle_diameter	# get my diameter in v0
 414 0194               	
 415 0194 00590018		mul	$v0, $v0, $t9	# v0 = PI * diameter
     0198 00001012
 416 019c               
 417 019c 8FBF0004		lw 	$ra, -4+FRAMESIZE_8($sp)	# restore ra from stack
 418 01a0 23BD0008		addi 	$sp, $sp, FRAMESIZE_8
 419 01a4 03E00008		jr	$ra
 420 01a8               
 421 01a8               #
 422 01a8               # Name:		circle_diameter
 423 01a8               #
 424 01a8               # Description:	Compute the diameter of the circle figure
 425 01a8               #
 426 01a8               # Arguments:	a0 contains the address of the figure object
 427 01a8               #
 428 01a8               # Returns:	v0 contains the diameter
 429 01a8               #
 430 01a8               circle_diameter:
 431 01a8 8C880004		lw	$t0, 4($a0)	# get fig's width
 432 01ac 8C890008		lw	$t1, 8($a0)	# get fig's height
 433 01b0               
 434 01b0 0109502A		slt	$t2, $t0, $t1	# see if width < height
 435 01b4 11400002		beq	$t2, $zero, cd_height_bigger
 436 01b8               
 437 01b8 01001021		move	$v0, $t0	# width is smaller
 438 01bc 03E00008		jr	$ra
 439 01c0               
 440 01c0               cd_height_bigger:
 441 01c0 01201021		move	$v0, $t1	# height is smaller
 442 01c4 03E00008		jr	$ra
 443 01c8               
 444 01c8               #
 445 01c8               # Name:		output_figures
 446 01c8               #
 447 01c8               # Description:	Given the paramters for a figure, make one and print out
 448 01c8               #		its attributes.
 449 01c8               #
 450 01c8               # Arguments:	fig_char: Character representing figure type
 451 01c8               #		a0: width
 452 01c8               #		a1: height
 453 01c8               #
 454 01c8               #
 455 01c8               output_figures:
 456 01c8 23BDFFD0		addi	$sp, $sp,-FRAMESIZE_48
 457 01cc AFBF002C		sw	$ra, -4+FRAMESIZE_48($sp)
 458 01d0 AFB70028		sw	$s7, -8+FRAMESIZE_48($sp)
 459 01d4 AFB60024		sw	$s6, -12+FRAMESIZE_48($sp)
 460 01d8 AFB50020		sw	$s5, -16+FRAMESIZE_48($sp)
 461 01dc AFB4001C		sw	$s4, -20+FRAMESIZE_48($sp)
 462 01e0 AFB30018		sw	$s3, -24+FRAMESIZE_48($sp)
 463 01e4 AFB20014		sw	$s2, -28+FRAMESIZE_48($sp)
 464 01e8 AFB10010		sw	$s1, -32+FRAMESIZE_48($sp)
 465 01ec AFB0000C		sw	$s0, -36+FRAMESIZE_48($sp)
 466 01f0               
 467 01f0 00809821		move	$s3, $a0	# s3 will be the width
 468 01f4 00A0A021		move	$s4, $a1	# s4 will be the height
 469 01f8               
 470 01f8 0C000017		jal	new_figure	# create a new figure
 471 01fc 00408821		move	$s1, $v0	# save the pointer to the fig object
 472 0200               
 473 0200               	#
 474 0200               	# Now, see which one we should make
 475 0200               	#
 476 0200               
 477 0200 3C010000		lbu	$s6, char_c	# get our characters for comparison
     0204 90360000
 478 0208 3C010000		lbu	$s7, char_b
     020c 90370000
 479 0210               
 480 0210 3C010000		lbu	$s5, fig_char	# get the type of fig to create
     0214 90350000
 481 0218               
 482 0218 16B6000B		bne	$s5, $s6, not_circle  # see if creating a circle
 483 021c               	#
 484 021c               	# Set up the arguments to the circle_make call
 485 021c               	# 	a0 contains the height of the figure's bounding box
 486 021c               	# 	a1 contains the width of the figure's bounding box
 487 021c               	#	a2 contains the address of the figure object
 488 021c               	#
 489 021c 02802021		move	$a0, $s4		# s4 was the height
 490 0220 02602821		move	$a1, $s3		# s3 was the width
 491 0224 02203021		move	$a2, $s1		# s1 was the location of new fig object
 492 0228 0C00004A		jal	circle_make
 493 022c               
 494 022c               
 495 022c               	#
 496 022c               	# Print "Circle ("
 497 022c               	#
 498 022c               
 499 022c 34020004		li 	$v0, PRINT_STRING	# print a "Circle ("
 500 0230 3C040000		la 	$a0, circle_string
     0234 34840000
 501 0238 0000000C		syscall	
 502 023c               
 503 023c 02202021		move	$a0, $s1		# send the pointer to the fig object
 504 0240               				# as the arg. to print_rest
 505 0240 0C0000AD		jal	print_rest	# print rest of info of the fig
 506 0244 080000A2		j 	done_output
 507 0248               
 508 0248               
 509 0248               not_circle:
 510 0248 16B7000B		bne	$s5, $s7, not_anything  # see if creating a block
 511 024c               	#
 512 024c               	# Set up the arguments to the block_make call
 513 024c               	# 	a0 contains the height of the figure's bounding box
 514 024c               	# 	a1 contains the width of the figure's bounding box
 515 024c               	#	a2 contains the address of the figure object
 516 024c               	#
 517 024c 02802021		move	$a0, $s4		# s4 was the height
 518 0250 02602821		move	$a1, $s3		# s3 was the width
 519 0254 02203021		move	$a2, $s1		# s1 was the location of new fig object
 520 0258 0C00002E		jal	block_make
 521 025c               
 522 025c               
 523 025c               	#
 524 025c               	# Print "Block ("
 525 025c               	#
 526 025c               
 527 025c 34020004		li 	$v0, PRINT_STRING	# print a "Block ("
 528 0260 3C040000		la 	$a0, block_string
     0264 34840000
 529 0268 0000000C		syscall	
 530 026c               
 531 026c 02202021		move	$a0, $s1		# send the pointer to the fig object
 532 0270               				# as the arg. to print_rest
 533 0270 0C0000AD		jal	print_rest	# print rest of info of the fig
 534 0274 080000A2		j 	done_output
 535 0278               
 536 0278               not_anything:
 537 0278               	#
 538 0278               	# Print error message
 539 0278               	#
 540 0278               
 541 0278 34020004		li 	$v0, PRINT_STRING
 542 027c 3C040000		la 	$a0, figure_type_error_string
     0280 34840000
 543 0284 0000000C		syscall	
 544 0288               
 545 0288               	#
 546 0288               	# exit
 547 0288               	#
 548 0288               
 549 0288               done_output:
 550 0288 8FBF002C		lw	$ra, -4+FRAMESIZE_48($sp)
 551 028c 8FB70028		lw	$s7, -8+FRAMESIZE_48($sp)
 552 0290 8FB60024		lw	$s6, -12+FRAMESIZE_48($sp)
 553 0294 8FB50020		lw	$s5, -16+FRAMESIZE_48($sp)
 554 0298 8FB4001C		lw	$s4, -20+FRAMESIZE_48($sp)
 555 029c 8FB30018		lw	$s3, -24+FRAMESIZE_48($sp)
 556 02a0 8FB20014		lw	$s2, -28+FRAMESIZE_48($sp)
 557 02a4 8FB10010		lw	$s1, -32+FRAMESIZE_48($sp)
 558 02a8 8FB0000C		lw	$s0, -36+FRAMESIZE_48($sp)
 559 02ac 23BD0030		addi	$sp, $sp, FRAMESIZE_48
 560 02b0               
 561 02b0 03E00008		jr	$ra
 562 02b4               
 563 02b4               #
 564 02b4               # Name:		print_rest
 565 02b4               #
 566 02b4               # Description:	prints out the information about a figure
 567 02b4               #
 568 02b4               # Arguments:	a0: contains the address of the figure object
 569 02b4               #
 570 02b4               
 571 02b4               print_rest:
 572 02b4               	#
 573 02b4               	# Save all the S registers & ra
 574 02b4               	#
 575 02b4 23BDFFD8		addi	$sp, $sp,-FRAMESIZE_40
 576 02b8 AFBF0024		sw	$ra, -4+FRAMESIZE_40($sp)
 577 02bc AFB70020		sw	$s7, -8+FRAMESIZE_40($sp)
 578 02c0 AFB6001C		sw	$s6, -12+FRAMESIZE_40($sp)
 579 02c4 AFB50018		sw	$s5, -16+FRAMESIZE_40($sp)
 580 02c8 AFB40014		sw	$s4, -20+FRAMESIZE_40($sp)
 581 02cc AFB30010		sw	$s3, -24+FRAMESIZE_40($sp)
 582 02d0 AFB2000C		sw	$s2, -28+FRAMESIZE_40($sp)
 583 02d4 AFB10008		sw	$s1, -32+FRAMESIZE_40($sp)
 584 02d8 AFB00004		sw	$s0, -36+FRAMESIZE_40($sp)
 585 02dc               
 586 02dc 00808021		move	$s0, $a0	# s0 will be your pointer to figure
 587 02e0               				# since a0 is needed by the syscalls
 588 02e0               
 589 02e0               #***** BEGIN STUDENT CODE BLOCK 2 ********************************
 590 02e0               #
 591 02e0               # Print the figure's width using PRINT_INT. At this point, s0 contains
 592 02e0               # the address of the figure object, and shouldn't be changed.
 593 02e0               #
 594 02e0               # Note that this does not involve any polymorphic functions.
 595 02e0               #
 596 02e0               
 597 02e0 34020001		li 	$v0, PRINT_INT	# print width
 598 02e4 8E040004		lw 	$a0, 4($s0)
 599 02e8 0000000C		syscall
 600 02ec               
 601 02ec               #***** END STUDENT CODE BLOCK 2 **********************************
 602 02ec               
 603 02ec 34020004		li 	$v0, PRINT_STRING	# print ','
 604 02f0 3C040000		la 	$a0, comma_string
     02f4 34840000
 605 02f8 0000000C		syscall
 606 02fc               
 607 02fc               #***** BEGIN STUDENT CODE BLOCK 3 ********************************
 608 02fc               #
 609 02fc               # Print the figure's height using PRINT_INT. At this point, s0 contains
 610 02fc               # the address of the figure object, and shouldn't be changed.
 611 02fc               #
 612 02fc               # Note that this does not involve any polymorphic functions.
 613 02fc               #
 614 02fc               
 615 02fc 34020001		li 	$v0, PRINT_INT	# print height
 616 0300 8E040008		lw 	$a0, 8($s0)
 617 0304 0000000C		syscall
 618 0308               
 619 0308               #***** END STUDENT CODE BLOCK 3 **********************************
 620 0308               	
 621 0308 34020004		li 	$v0, PRINT_STRING 	# print ') - area = '
 622 030c 3C040000		la 	$a0, area_string
     0310 34840000
 623 0314 0000000C		syscall
 624 0318               
 625 0318               #***** BEGIN STUDENT CODE BLOCK 4 ********************************
 626 0318               #
 627 0318               # Print the figure's area using PRINT_INT. At this point, s0 contains
 628 0318               # the address of the figure object, and shouldn't be changed.
 629 0318               #
 630 0318               
 631 0318 02002021		move	$a0, $s0	# Prepare for function call
 632 031c 8C910000		lw	$s1, 0($a0)	# Load pointer to vtable
 633 0320 8E320000		lw	$s2, 0($s1)	# Load function for area
 634 0324               
 635 0324 0240F809		jalr	$s2
 636 0328 00808021		move	$s0, $a0
 637 032c               
 638 032c 00402020		add 	$a0, $v0, $zero
 639 0330               
 640 0330 34020001		li 	$v0, PRINT_INT	# print height
 641 0334 0000000C		syscall
 642 0338               
 643 0338               #***** END STUDENT CODE BLOCK 4 **********************************
 644 0338               	
 645 0338 34020004		li 	$v0, PRINT_STRING	# print '; perimeter = '
 646 033c 3C040000		la 	$a0, perimeter_string
     0340 34840000
 647 0344 0000000C		syscall
 648 0348               
 649 0348               #***** BEGIN STUDENT CODE BLOCK 5 ********************************
 650 0348               #
 651 0348               # Print the figure's perimeter using PRINT_INT. At this point, s0
 652 0348               # contains the address of the figure object, and shouldn't be changed.
 653 0348               #
 654 0348               
 655 0348 02002021		move	$a0, $s0	# Prepare for function call
 656 034c 8C910000		lw	$s1, 0($a0)	# Load pointer to vtable
 657 0350 8E320004		lw	$s2, 4($s1)	# Load function for perimeter
 658 0354               
 659 0354 0240F809		jalr	$s2
 660 0358 02002021		move	$a0, $s0
 661 035c               
 662 035c 00402020		add 	$a0, $v0, $zero
 663 0360               
 664 0360 34020001		li 	$v0, PRINT_INT	# print height
 665 0364 0000000C		syscall
 666 0368               
 667 0368               #***** END STUDENT CODE BLOCK 5 **********************************
 668 0368               
 669 0368               	
 670 0368 34020004		li 	$v0, PRINT_STRING	# print newline
 671 036c 3C040000		la 	$a0, new_line
     0370 34840000
 672 0374 0000000C		syscall
 673 0378               
 674 0378               	#
 675 0378               	# Restore all the S registers
 676 0378               	#
 677 0378 8FBF0024		lw	$ra, -4+FRAMESIZE_40($sp)
 678 037c 8FB70020		lw	$s7, -8+FRAMESIZE_40($sp)
 679 0380 8FB6001C		lw	$s6, -12+FRAMESIZE_40($sp)
 680 0384 8FB50018		lw	$s5, -16+FRAMESIZE_40($sp)
 681 0388 8FB40014		lw	$s4, -20+FRAMESIZE_40($sp)
 682 038c 8FB30010		lw	$s3, -24+FRAMESIZE_40($sp)
 683 0390 8FB2000C		lw	$s2, -28+FRAMESIZE_40($sp)
 684 0394 8FB10008		lw	$s1, -32+FRAMESIZE_40($sp)
 685 0398 8FB00004		lw	$s0, -36+FRAMESIZE_40($sp)
 686 039c 23BD0028		addi	$sp, $sp, FRAMESIZE_40
 687 03a0               
 688 03a0 03E00008		jr	$ra


FRAMESIZE_24              = 00000018   
FRAMESIZE_40              = 00000028   
FRAMESIZE_48              = 00000030   
FRAMESIZE_8               = 00000008   
PI                        = 00000003   
PRINT_INT                 = 00000001   
PRINT_STRING              = 00000004   
READ_INT                  = 00000005   
READ_STRING               = 00000008   
area_string                 0000051C R  data 
block_area                  000000DC R  text 
block_make                  000000B8 R  text 
block_perimeter             00000100 R  text 
block_string                00000512 R  data 
block_vtbl                  0000053C R  data 
cd_height_bigger            000001C0 R  text 
char_b                      000004CC R  data 
char_c                      000004CB R  data 
circle_area                 0000014C R  text 
circle_diameter             000001A8 R  text 
circle_make                 00000128 R  text 
circle_perimeter            00000184 R  text 
circle_string               00000509 R  data 
circle_vtbl                 00000544 R  data 
comma_string                0000051A R  data 
done_output                 00000288 R  text 
fig_char                    000004C0 R  data 
fig_height                  000004BC R  data 
fig_width                   000004B8 R  data 
figure_make                 000000AC R  text 
figure_type_error_string    000004F4 R  data 
main                        00000000 RG text 
new_error                   000004CD R  data 
new_figure                  0000005C R  text 
new_figure_ok               0000008C R  text 
new_line                    00000537 R  data 
next                        00000000 R  data 
not_anything                00000278 R  text 
not_circle                  00000248 R  text 
output_figures              000001C8 R  text 
perimeter_string            00000528 R  data 
pool                        00000004 R  data 
pool_end                    000004B4 R  data 
print_rest                  000002B4 R  text 
